app/build/intermediates/manifest_merge_blame_file/debug/manifest-merger-blame-debug-report.txt
1<?xml version="1.0" encoding="utf-8"?>
2<manifest xmlns:android="http://schemas.android.com/apk/res/android"
3    package="com.eladariaStudios.locknotes"
4    android:versionCode="1"
5    android:versionName="1.0" >
6
7    <uses-sdk
8        android:minSdkVersion="22"
8-->src/main/AndroidManifest.xml
9        android:targetSdkVersion="29" />
9-->src/main/AndroidManifest.xml
10
11    <application
11-->src/main/AndroidManifest.xml:5:5-25:19
12        android:allowBackup="true"
12-->src/main/AndroidManifest.xml:6:13-39
13        android:appComponentFactory="androidx.core.app.CoreComponentFactory"
13-->[androidx.core:core:1.0.1] AndroidManifest.xml:22:18-86
14        android:debuggable="true"
15        android:icon="@drawable/ic_locknotes_small"
15-->src/main/AndroidManifest.xml:7:13-56
16        android:label="@string/app_name"
16-->src/main/AndroidManifest.xml:8:13-45
17        android:roundIcon="@drawable/ic_locknotes_small"
17-->src/main/AndroidManifest.xml:9:13-61
18        android:supportsRtl="true"
18-->src/main/AndroidManifest.xml:10:13-39
19        android:testOnly="true"
20        android:theme="@style/AppTheme" >
20-->src/main/AndroidManifest.xml:11:13-44
21        <activity android:name="com.eladariaStudios.locknotes.SecondNoteActivity" >
21-->src/main/AndroidManifest.xml:12:9-16:20
21-->src/main/AndroidManifest.xml:12:19-53
22            <intent-filter>
22-->src/main/AndroidManifest.xml:13:13-15:29
23                <action android:name="android.intent.action.VIEW" />
23-->src/main/AndroidManifest.xml:14:17-69
23-->src/main/AndroidManifest.xml:14:25-66
24            </intent-filter>
25        </activity>
26        <activity
26-->src/main/AndroidManifest.xml:17:9-24:20
27            android:name="com.eladariaStudios.locknotes.MainActivity"
27-->src/main/AndroidManifest.xml:17:19-47
28            android:windowSoftInputMode="adjustPan|adjustResize" >
28-->src/main/AndroidManifest.xml:18:19-71
29            <intent-filter>
29-->src/main/AndroidManifest.xml:19:13-23:29
30                <action android:name="android.intent.action.MAIN" />
30-->src/main/AndroidManifest.xml:20:17-68
30-->src/main/AndroidManifest.xml:20:25-66
31
32                <category android:name="android.intent.category.LAUNCHER" />
32-->src/main/AndroidManifest.xml:22:17-76
32-->src/main/AndroidManifest.xml:22:27-74
33            </intent-filter>
34        </activity>
35    </application>
36
37</manifest>